<!DOCTYPE html PUBLIC "-//W3C//DTD XHTML 1.1//EN" "https://www.w3.org/TR/xhtml11/DTD/xhtml11.dtd">
<html xmlns="https://www.w3.org/1999/xhtml">
<head>
<meta http-equiv="content-type" content="text/html; charset=UTF-8"/>
<title>TestNG Report</title>
<style type="text/css">table {margin-bottom:10px;border-collapse:collapse;empty-cells:show}th,td {border:1px solid #009;padding:.25em .5em}th {vertical-align:bottom}td {vertical-align:top}table a {font-weight:bold}.stripe td {background-color: #E6EBF9}.num {text-align:right}.passedodd td {background-color: #3F3}.passedeven td {background-color: #0A0}.skippedodd td {background-color: #DDD}.skippedeven td {background-color: #CCC}.failedodd td,.attn {background-color: #F33}.failedeven td,.stripe .attn {background-color: #D00}.stacktrace {white-space:pre;font-family:monospace}.totop {font-size:85%;text-align:center;border-bottom:2px solid #000}.invisible {display:none}</style>
</head>
<body>
<table>
<tr><th>Test</th><th># Passed</th><th># Skipped</th><th># Retried</th><th># Failed</th><th>Time (ms)</th><th>Included Groups</th><th>Excluded Groups</th></tr>
<tr><th colspan="8">Suite</th></tr>
<tr><td><a href="#t0">Testing firefox</a></td><td class="num">7</td><td class="num">0</td><td class="num attn">5</td><td class="num attn">3</td><td class="num">468,029</td><td></td><td></td></tr>
</table>
<table id='summary'><thead><tr><th>Class</th><th>Method</th><th>Start</th><th>Time (ms)</th></tr></thead><tbody><tr><th colspan="4">Suite</th></tr></tbody><tbody id="t0"><tr><th colspan="4">Testing firefox &#8212; failed</th></tr><tr class="failedeven"><td rowspan="1">amazon_TestFile.TestScenario3_SignInFailWrongCredentials</td><td><a href="#m0">signinfail_wrongcredentials</a></td><td rowspan="1">1740589996794</td><td rowspan="1">20345</td></tr><tr class="failedodd"><td rowspan="1">amazon_TestFile.TestScenario4_SuccessfullyEditProfile</td><td><a href="#m1">successfullyeditprofile</a></td><td rowspan="1">1740590079946</td><td rowspan="1">20208</td></tr><tr class="failedeven"><td rowspan="1">amazon_TestFile.TestScenario8_SortedProduct</td><td><a href="#m2">sortedproduct</a></td><td rowspan="1">1740590266344</td><td rowspan="1">14832</td></tr><tr><th colspan="4">Testing firefox &#8212; retried</th></tr><tr class="retriedeven"><td rowspan="1">amazon_TestFile.TestScenario10_UpdatingItemsAndRemovingFromCart</td><td><a href="#m3">updatingitemsandremovingfromcart</a></td><td rowspan="1">1740590296390</td><td rowspan="1">20662</td></tr><tr class="retriedodd"><td rowspan="1">amazon_TestFile.TestScenario3_SignInFailWrongCredentials</td><td><a href="#m4">signinfail_wrongcredentials</a></td><td rowspan="1">1740589976711</td><td rowspan="1">7615</td></tr><tr class="retriedeven"><td rowspan="1">amazon_TestFile.TestScenario4_SuccessfullyEditProfile</td><td><a href="#m5">successfullyeditprofile</a></td><td rowspan="1">1740590029294</td><td rowspan="1">36129</td></tr><tr class="retriedodd"><td rowspan="1">amazon_TestFile.TestScenario7_ProductDetail</td><td><a href="#m6">productdetailpage</a></td><td rowspan="1">1740590175213</td><td rowspan="1">21895</td></tr><tr class="retriedeven"><td rowspan="1">amazon_TestFile.TestScenario8_SortedProduct</td><td><a href="#m7">sortedproduct</a></td><td rowspan="1">1740590238119</td><td rowspan="1">17386</td></tr><tr><th colspan="4">Testing firefox &#8212; passed</th></tr><tr class="passedeven"><td rowspan="1">amazon_TestFile.TestScenario10_UpdatingItemsAndRemovingFromCart</td><td><a href="#m8">updatingitemsandremovingfromcart</a></td><td rowspan="1">1740590330529</td><td rowspan="1">37947</td></tr><tr class="passedodd"><td rowspan="1">amazon_TestFile.TestScenario13_IfApplicableApplyCouponCode</td><td><a href="#m9">ifapplicableapplycouponcode</a></td><td rowspan="1">1740590382335</td><td rowspan="1">9876</td></tr><tr class="passedeven"><td rowspan="1">amazon_TestFile.TestScenario15_SearchProductWithoutLogin</td><td><a href="#m10">searchproductwithoutlogin</a></td><td rowspan="1">1740590403900</td><td rowspan="1">6700</td></tr><tr class="passedodd"><td rowspan="1">amazon_TestFile.TestScenario2_SuccessfulSignIn</td><td><a href="#m11">successfulsignin</a></td><td rowspan="1">1740589956769</td><td rowspan="1">5332</td></tr><tr class="passedeven"><td rowspan="1">amazon_TestFile.TestScenario5_SearchProduct</td><td><a href="#m12">searchproduct</a></td><td rowspan="1">1740590113912</td><td rowspan="1">13038</td></tr><tr class="passedodd"><td rowspan="1">amazon_TestFile.TestScenario6_SearchProductWithFilters</td><td><a href="#m13">searchproductwithfilters</a></td><td rowspan="1">1740590140310</td><td rowspan="1">23121</td></tr><tr class="passedeven"><td rowspan="1">amazon_TestFile.TestScenario7_ProductDetail</td><td><a href="#m14">productdetailpage</a></td><td rowspan="1">1740590211535</td><td rowspan="1">14793</td></tr></tbody>
</table>
<h2>Testing firefox</h2><h3 id="m0">amazon_TestFile.TestScenario3_SignInFailWrongCredentials#signinfail_wrongcredentials</h3><table class="result"><tr><th>Exception</th></tr><tr><td><div class="stacktrace">java.lang.NullPointerException: Cannot invoke &quot;org.openqa.selenium.WebDriver.getClass()&quot; because &quot;exceptionDriver&quot; is null
	at org.openqa.selenium.support.ui.WebDriverWait.timeoutException(WebDriverWait.java:85)
	at org.openqa.selenium.support.ui.FluentWait.until(FluentWait.java:228)
	at amazon_SourceFile.HomePage.accountandlists_signin(HomePage.java:98)
	at amazon_TestFile.TestScenario3_SignInFailWrongCredentials.signinfail_wrongcredentials(TestScenario3_SignInFailWrongCredentials.java:24)
	at java.base/java.util.ArrayList.forEach(ArrayList.java:1511)
	at java.base/java.util.concurrent.FutureTask.run(FutureTask.java:264)
	at java.base/java.util.concurrent.ThreadPoolExecutor.runWorker(ThreadPoolExecutor.java:1136)
	at java.base/java.util.concurrent.ThreadPoolExecutor$Worker.run(ThreadPoolExecutor.java:635)
	at java.base/java.lang.Thread.run(Thread.java:840)
... Removed 17 stack frames</div></td></tr></table><p class="totop"><a href="#summary">back to summary</a></p>
<h3 id="m1">amazon_TestFile.TestScenario4_SuccessfullyEditProfile#successfullyeditprofile</h3><table class="result"><tr><th>Exception</th></tr><tr><td><div class="stacktrace">java.lang.NullPointerException: Cannot invoke &quot;org.openqa.selenium.WebDriver.getClass()&quot; because &quot;exceptionDriver&quot; is null
	at org.openqa.selenium.support.ui.WebDriverWait.timeoutException(WebDriverWait.java:85)
	at org.openqa.selenium.support.ui.FluentWait.until(FluentWait.java:228)
	at amazon_SourceFile.HomePage.accountandlists_signin(HomePage.java:98)
	at amazon_TestFile.TestScenario4_SuccessfullyEditProfile.successfullyeditprofile(TestScenario4_SuccessfullyEditProfile.java:24)
	at java.base/java.util.ArrayList.forEach(ArrayList.java:1511)
	at java.base/java.util.concurrent.FutureTask.run(FutureTask.java:264)
	at java.base/java.util.concurrent.ThreadPoolExecutor.runWorker(ThreadPoolExecutor.java:1136)
	at java.base/java.util.concurrent.ThreadPoolExecutor$Worker.run(ThreadPoolExecutor.java:635)
	at java.base/java.lang.Thread.run(Thread.java:840)
... Removed 17 stack frames</div></td></tr></table><p class="totop"><a href="#summary">back to summary</a></p>
<h3 id="m2">amazon_TestFile.TestScenario8_SortedProduct#sortedproduct</h3><table class="result"><tr><th>Exception</th></tr><tr><td><div class="stacktrace">org.openqa.selenium.ElementClickInterceptedException: Element &lt;select id=&quot;s-result-sort-select&quot; class=&quot;a-native-dropdown a-declarative&quot; name=&quot;s&quot;&gt; is not clickable at point (1357,119) because another element &lt;span class=&quot;a-dropdown-prompt&quot;&gt; obscures it
Build info: version: &apos;4.27.0&apos;, revision: &apos;d6e718d134&apos;
System info: os.name: &apos;Mac OS X&apos;, os.arch: &apos;aarch64&apos;, os.version: &apos;15.3.1&apos;, java.version: &apos;17.0.9&apos;
Driver info: org.openqa.selenium.firefox.FirefoxDriver
Command: [00fa4480-b976-4bd8-9821-1b72cd11c2dd, clickElement {id=97dee0d9-931f-46cc-ae0c-83e67d85fea5}]
Capabilities {acceptInsecureCerts: true, browserName: firefox, browserVersion: 135.0, moz:accessibilityChecks: false, moz:buildID: 20250130195129, moz:debuggerAddress: 127.0.0.1:31714, moz:geckodriverVersion: 0.36.0, moz:headless: false, moz:platformVersion: 24.3.0, moz:processID: 42939, moz:profile: /var/folders/x4/pmwd15yj193..., moz:shutdownTimeout: 60000, moz:webdriverClick: true, moz:windowless: false, pageLoadStrategy: normal, platformName: mac, proxy: Proxy(), se:cdp: ws://127.0.0.1:31714/devtoo..., se:cdpVersion: 85.0, setWindowRect: true, strictFileInteractability: false, timeouts: {implicit: 0, pageLoad: 300000, script: 30000}, unhandledPromptBehavior: dismiss and notify, userAgent: Mozilla/5.0 (Macintosh; Int...}
Element: [[[[FirefoxDriver: firefox on mac (00fa4480-b976-4bd8-9821-1b72cd11c2dd)] -&gt; xpath: //select[@class=&apos;a-native-dropdown a-declarative&apos;]]] -&gt; tag name: option]
Session ID: 00fa4480-b976-4bd8-9821-1b72cd11c2dd
	at org.openqa.selenium.remote.ErrorCodec.decode(ErrorCodec.java:167)
	at org.openqa.selenium.remote.codec.w3c.W3CHttpResponseCodec.decode(W3CHttpResponseCodec.java:138)
	at org.openqa.selenium.remote.codec.w3c.W3CHttpResponseCodec.decode(W3CHttpResponseCodec.java:50)
	at org.openqa.selenium.remote.HttpCommandExecutor.execute(HttpCommandExecutor.java:190)
	at org.openqa.selenium.remote.service.DriverCommandExecutor.invokeExecute(DriverCommandExecutor.java:216)
	at org.openqa.selenium.remote.service.DriverCommandExecutor.execute(DriverCommandExecutor.java:174)
	at org.openqa.selenium.remote.RemoteWebDriver.execute(RemoteWebDriver.java:545)
	at org.openqa.selenium.remote.RemoteWebElement.execute(RemoteWebElement.java:223)
	at org.openqa.selenium.remote.RemoteWebElement.click(RemoteWebElement.java:76)
	at org.openqa.selenium.support.ui.Select.setSelected(Select.java:419)
	at org.openqa.selenium.support.ui.Select.setSelectedByIndex(Select.java:403)
	at org.openqa.selenium.support.ui.Select.selectByIndex(Select.java:262)
	at amazon_SourceFile.HomePage.productsortby(HomePage.java:155)
	at amazon_TestFile.TestScenario8_SortedProduct.sortedproduct(TestScenario8_SortedProduct.java:26)
	at java.base/java.util.ArrayList.forEach(ArrayList.java:1511)
	at java.base/java.util.concurrent.FutureTask.run(FutureTask.java:264)
	at java.base/java.util.concurrent.ThreadPoolExecutor.runWorker(ThreadPoolExecutor.java:1136)
	at java.base/java.util.concurrent.ThreadPoolExecutor$Worker.run(ThreadPoolExecutor.java:635)
	at java.base/java.lang.Thread.run(Thread.java:840)
... Removed 22 stack frames</div></td></tr></table><p class="totop"><a href="#summary">back to summary</a></p>
<h3 id="m3">amazon_TestFile.TestScenario10_UpdatingItemsAndRemovingFromCart#updatingitemsandremovingfromcart</h3><table class="result"><tr><th>Exception</th></tr><tr><td><div class="stacktrace">java.lang.NullPointerException: Cannot invoke &quot;org.openqa.selenium.WebDriver.getClass()&quot; because &quot;exceptionDriver&quot; is null
	at org.openqa.selenium.support.ui.WebDriverWait.timeoutException(WebDriverWait.java:85)
	at org.openqa.selenium.support.ui.FluentWait.until(FluentWait.java:228)
	at amazon_SourceFile.HomePage.accountandlists_signin(HomePage.java:98)
	at amazon_TestFile.TestScenario10_UpdatingItemsAndRemovingFromCart.updatingitemsandremovingfromcart(TestScenario10_UpdatingItemsAndRemovingFromCart.java:28)
	at java.base/java.util.ArrayList.forEach(ArrayList.java:1511)
	at java.base/java.util.concurrent.FutureTask.run(FutureTask.java:264)
	at java.base/java.util.concurrent.ThreadPoolExecutor.runWorker(ThreadPoolExecutor.java:1136)
	at java.base/java.util.concurrent.ThreadPoolExecutor$Worker.run(ThreadPoolExecutor.java:635)
	at java.base/java.lang.Thread.run(Thread.java:840)
... Removed 17 stack frames</div></td></tr></table><p class="totop"><a href="#summary">back to summary</a></p>
<h3 id="m4">amazon_TestFile.TestScenario3_SignInFailWrongCredentials#signinfail_wrongcredentials</h3><table class="result"><tr><th>Exception</th></tr><tr><td><div class="stacktrace">org.openqa.selenium.NoSuchSessionException: Session ID is null. Using WebDriver after calling quit()?
Build info: version: &apos;4.27.0&apos;, revision: &apos;d6e718d134&apos;
System info: os.name: &apos;Mac OS X&apos;, os.arch: &apos;aarch64&apos;, os.version: &apos;15.3.1&apos;, java.version: &apos;17.0.9&apos;
Driver info: org.openqa.selenium.firefox.FirefoxDriver
Command: [null, getCurrentUrl {}]
Capabilities {acceptInsecureCerts: true, browserName: firefox, browserVersion: 135.0, moz:accessibilityChecks: false, moz:buildID: 20250130195129, moz:debuggerAddress: 127.0.0.1:30273, moz:geckodriverVersion: 0.36.0, moz:headless: false, moz:platformVersion: 24.3.0, moz:processID: 42595, moz:profile: /var/folders/x4/pmwd15yj193..., moz:shutdownTimeout: 60000, moz:webdriverClick: true, moz:windowless: false, pageLoadStrategy: normal, platformName: mac, proxy: Proxy(), se:cdp: ws://127.0.0.1:30273/devtoo..., se:cdpVersion: 85.0, setWindowRect: true, strictFileInteractability: false, timeouts: {implicit: 0, pageLoad: 300000, script: 30000}, unhandledPromptBehavior: dismiss and notify, userAgent: Mozilla/5.0 (Macintosh; Int...}
	at org.openqa.selenium.remote.HttpCommandExecutor.execute(HttpCommandExecutor.java:151)
	at org.openqa.selenium.remote.service.DriverCommandExecutor.invokeExecute(DriverCommandExecutor.java:216)
	at org.openqa.selenium.remote.service.DriverCommandExecutor.execute(DriverCommandExecutor.java:174)
	at org.openqa.selenium.remote.RemoteWebDriver.execute(RemoteWebDriver.java:545)
	at org.openqa.selenium.remote.RemoteWebDriver.execute(RemoteWebDriver.java:618)
	at org.openqa.selenium.remote.RemoteWebDriver.execute(RemoteWebDriver.java:622)
	at org.openqa.selenium.remote.RemoteWebDriver.getCurrentUrl(RemoteWebDriver.java:325)
	at amazon_SourceFile.HomePage.testscenario2assertion(HomePage.java:172)
	at amazon_TestFile.TestScenario3_SignInFailWrongCredentials.signinfail_wrongcredentials(TestScenario3_SignInFailWrongCredentials.java:27)
	at java.base/java.util.ArrayList.forEach(ArrayList.java:1511)
	at java.base/java.util.concurrent.FutureTask.run(FutureTask.java:264)
	at java.base/java.util.concurrent.ThreadPoolExecutor.runWorker(ThreadPoolExecutor.java:1136)
	at java.base/java.util.concurrent.ThreadPoolExecutor$Worker.run(ThreadPoolExecutor.java:635)
	at java.base/java.lang.Thread.run(Thread.java:840)
... Removed 17 stack frames</div></td></tr></table><p class="totop"><a href="#summary">back to summary</a></p>
<h3 id="m5">amazon_TestFile.TestScenario4_SuccessfullyEditProfile#successfullyeditprofile</h3><table class="result"><tr><th>Exception</th></tr><tr><td><div class="stacktrace">java.lang.NullPointerException: Cannot invoke &quot;org.openqa.selenium.WebDriver.getClass()&quot; because &quot;exceptionDriver&quot; is null
	at org.openqa.selenium.support.ui.WebDriverWait.timeoutException(WebDriverWait.java:85)
	at org.openqa.selenium.support.ui.FluentWait.until(FluentWait.java:228)
	at amazon_SourceFile.HomePage.manageprofile(HomePage.java:106)
	at amazon_TestFile.TestScenario4_SuccessfullyEditProfile.successfullyeditprofile(TestScenario4_SuccessfullyEditProfile.java:27)
	at java.base/java.util.ArrayList.forEach(ArrayList.java:1511)
	at java.base/java.util.concurrent.FutureTask.run(FutureTask.java:264)
	at java.base/java.util.concurrent.ThreadPoolExecutor.runWorker(ThreadPoolExecutor.java:1136)
	at java.base/java.util.concurrent.ThreadPoolExecutor$Worker.run(ThreadPoolExecutor.java:635)
	at java.base/java.lang.Thread.run(Thread.java:840)
... Removed 17 stack frames</div></td></tr></table><p class="totop"><a href="#summary">back to summary</a></p>
<h3 id="m6">amazon_TestFile.TestScenario7_ProductDetail#productdetailpage</h3><table class="result"><tr><th>Exception</th></tr><tr><td><div class="stacktrace">java.lang.NullPointerException: Cannot invoke &quot;org.openqa.selenium.WebDriver.getClass()&quot; because &quot;exceptionDriver&quot; is null
	at org.openqa.selenium.support.ui.WebDriverWait.timeoutException(WebDriverWait.java:85)
	at org.openqa.selenium.support.ui.FluentWait.until(FluentWait.java:228)
	at amazon_SourceFile.HomePage.accountandlists_signin(HomePage.java:98)
	at amazon_TestFile.TestScenario7_ProductDetail.productdetailpage(TestScenario7_ProductDetail.java:24)
	at java.base/java.util.ArrayList.forEach(ArrayList.java:1511)
	at java.base/java.util.concurrent.FutureTask.run(FutureTask.java:264)
	at java.base/java.util.concurrent.ThreadPoolExecutor.runWorker(ThreadPoolExecutor.java:1136)
	at java.base/java.util.concurrent.ThreadPoolExecutor$Worker.run(ThreadPoolExecutor.java:635)
	at java.base/java.lang.Thread.run(Thread.java:840)
... Removed 17 stack frames</div></td></tr></table><p class="totop"><a href="#summary">back to summary</a></p>
<h3 id="m7">amazon_TestFile.TestScenario8_SortedProduct#sortedproduct</h3><table class="result"><tr><th>Exception</th></tr><tr><td><div class="stacktrace">org.openqa.selenium.ElementClickInterceptedException: Element &lt;select id=&quot;s-result-sort-select&quot; class=&quot;a-native-dropdown a-declarative&quot; name=&quot;s&quot;&gt; is not clickable at point (1357,119) because another element &lt;span class=&quot;a-dropdown-prompt&quot;&gt; obscures it
Build info: version: &apos;4.27.0&apos;, revision: &apos;d6e718d134&apos;
System info: os.name: &apos;Mac OS X&apos;, os.arch: &apos;aarch64&apos;, os.version: &apos;15.3.1&apos;, java.version: &apos;17.0.9&apos;
Driver info: org.openqa.selenium.firefox.FirefoxDriver
Command: [248edd7c-99fa-4570-82a3-98aea98e706d, clickElement {id=4e416741-a153-424c-a505-7bf46f194774}]
Capabilities {acceptInsecureCerts: true, browserName: firefox, browserVersion: 135.0, moz:accessibilityChecks: false, moz:buildID: 20250130195129, moz:debuggerAddress: 127.0.0.1:14447, moz:geckodriverVersion: 0.36.0, moz:headless: false, moz:platformVersion: 24.3.0, moz:processID: 42912, moz:profile: /var/folders/x4/pmwd15yj193..., moz:shutdownTimeout: 60000, moz:webdriverClick: true, moz:windowless: false, pageLoadStrategy: normal, platformName: mac, proxy: Proxy(), se:cdp: ws://127.0.0.1:14447/devtoo..., se:cdpVersion: 85.0, setWindowRect: true, strictFileInteractability: false, timeouts: {implicit: 0, pageLoad: 300000, script: 30000}, unhandledPromptBehavior: dismiss and notify, userAgent: Mozilla/5.0 (Macintosh; Int...}
Element: [[[[FirefoxDriver: firefox on mac (248edd7c-99fa-4570-82a3-98aea98e706d)] -&gt; xpath: //select[@class=&apos;a-native-dropdown a-declarative&apos;]]] -&gt; tag name: option]
Session ID: 248edd7c-99fa-4570-82a3-98aea98e706d
	at org.openqa.selenium.remote.ErrorCodec.decode(ErrorCodec.java:167)
	at org.openqa.selenium.remote.codec.w3c.W3CHttpResponseCodec.decode(W3CHttpResponseCodec.java:138)
	at org.openqa.selenium.remote.codec.w3c.W3CHttpResponseCodec.decode(W3CHttpResponseCodec.java:50)
	at org.openqa.selenium.remote.HttpCommandExecutor.execute(HttpCommandExecutor.java:190)
	at org.openqa.selenium.remote.service.DriverCommandExecutor.invokeExecute(DriverCommandExecutor.java:216)
	at org.openqa.selenium.remote.service.DriverCommandExecutor.execute(DriverCommandExecutor.java:174)
	at org.openqa.selenium.remote.RemoteWebDriver.execute(RemoteWebDriver.java:545)
	at org.openqa.selenium.remote.RemoteWebElement.execute(RemoteWebElement.java:223)
	at org.openqa.selenium.remote.RemoteWebElement.click(RemoteWebElement.java:76)
	at org.openqa.selenium.support.ui.Select.setSelected(Select.java:419)
	at org.openqa.selenium.support.ui.Select.setSelectedByIndex(Select.java:403)
	at org.openqa.selenium.support.ui.Select.selectByIndex(Select.java:262)
	at amazon_SourceFile.HomePage.productsortby(HomePage.java:155)
	at amazon_TestFile.TestScenario8_SortedProduct.sortedproduct(TestScenario8_SortedProduct.java:26)
	at java.base/java.util.ArrayList.forEach(ArrayList.java:1511)
	at java.base/java.util.concurrent.FutureTask.run(FutureTask.java:264)
	at java.base/java.util.concurrent.ThreadPoolExecutor.runWorker(ThreadPoolExecutor.java:1136)
	at java.base/java.util.concurrent.ThreadPoolExecutor$Worker.run(ThreadPoolExecutor.java:635)
	at java.base/java.lang.Thread.run(Thread.java:840)
... Removed 22 stack frames</div></td></tr></table><p class="totop"><a href="#summary">back to summary</a></p>
<h3 id="m8">amazon_TestFile.TestScenario10_UpdatingItemsAndRemovingFromCart#updatingitemsandremovingfromcart</h3><table class="result"><tr><th class="invisible"/></tr></table><p class="totop"><a href="#summary">back to summary</a></p>
<h3 id="m9">amazon_TestFile.TestScenario13_IfApplicableApplyCouponCode#ifapplicableapplycouponcode</h3><table class="result"><tr><th class="invisible"/></tr></table><p class="totop"><a href="#summary">back to summary</a></p>
<h3 id="m10">amazon_TestFile.TestScenario15_SearchProductWithoutLogin#searchproductwithoutlogin</h3><table class="result"><tr><th class="invisible"/></tr></table><p class="totop"><a href="#summary">back to summary</a></p>
<h3 id="m11">amazon_TestFile.TestScenario2_SuccessfulSignIn#successfulsignin</h3><table class="result"><tr><th class="invisible"/></tr></table><p class="totop"><a href="#summary">back to summary</a></p>
<h3 id="m12">amazon_TestFile.TestScenario5_SearchProduct#searchproduct</h3><table class="result"><tr><th class="invisible"/></tr></table><p class="totop"><a href="#summary">back to summary</a></p>
<h3 id="m13">amazon_TestFile.TestScenario6_SearchProductWithFilters#searchproductwithfilters</h3><table class="result"><tr><th class="invisible"/></tr></table><p class="totop"><a href="#summary">back to summary</a></p>
<h3 id="m14">amazon_TestFile.TestScenario7_ProductDetail#productdetailpage</h3><table class="result"><tr><th class="invisible"/></tr></table><p class="totop"><a href="#summary">back to summary</a></p>
</body>
</html>
