<?xml version="1.0" encoding="UTF-8"?>
<!-- Generated by org.testng.reporters.JUnitReportReporter -->
<testsuite hostname="Kirans-MacBook-Air.local" failures="1" tests="2" name="amazon_TestFile.TestScenario9_AddProducttoCart" time="69.959" errors="0" timestamp="2025-02-26T16:45:19 IST" skipped="1">
  <testcase classname="amazon_TestFile.TestScenario9_AddProducttoCart" name="addproducttocart" time="35.227">
    <skipped/>
  </testcase> <!-- addproducttocart -->
  <system-out/>
  <testcase classname="amazon_TestFile.TestScenario9_AddProducttoCart" name="addproducttocart" time="34.732">
    <failure message="Product details are not matching expected [Bacca Bucci Men&#039;s Comfy Mid-Top Casual Chunky Streetwear Fashion Sneakers | Solid Color Pattern with Rubber Outsole | Model: Tiger] but found [Bacca Bucci Mens Tiger White Sneaker - 6 UK (BBMH9040)]" type="java.lang.AssertionError">
      <![CDATA[java.lang.AssertionError: Product details are not matching expected [Bacca Bucci Men's Comfy Mid-Top Casual Chunky Streetwear Fashion Sneakers | Solid Color Pattern with Rubber Outsole | Model: Tiger] but found [Bacca Bucci Mens Tiger White Sneaker - 6 UK (BBMH9040)]
at org.testng.Assert.fail(Assert.java:99)
at org.testng.Assert.failNotEquals(Assert.java:1037)
at org.testng.Assert.assertEqualsImpl(Assert.java:140)
at org.testng.Assert.assertEquals(Assert.java:122)
at org.testng.Assert.assertEquals(Assert.java:629)
at amazon_TestFile.TestScenario9_AddProducttoCart.addproducttocart(TestScenario9_AddProducttoCart.java:41)
at java.base/jdk.internal.reflect.NativeMethodAccessorImpl.invoke0(Native Method)
at java.base/jdk.internal.reflect.NativeMethodAccessorImpl.invoke(NativeMethodAccessorImpl.java:77)
at java.base/jdk.internal.reflect.DelegatingMethodAccessorImpl.invoke(DelegatingMethodAccessorImpl.java:43)
at java.base/java.lang.reflect.Method.invoke(Method.java:568)
at org.testng.internal.MethodInvocationHelper.invokeMethod(MethodInvocationHelper.java:133)
at org.testng.internal.TestInvoker.invokeMethod(TestInvoker.java:598)
at org.testng.internal.TestInvoker.retryFailed(TestInvoker.java:213)
at org.testng.internal.MethodRunner.runInSequence(MethodRunner.java:58)
at org.testng.internal.TestInvoker$MethodInvocationAgent.invoke(TestInvoker.java:824)
at org.testng.internal.TestInvoker.invokeTestMethods(TestInvoker.java:146)
at org.testng.internal.TestMethodWorker.invokeTestMethods(TestMethodWorker.java:146)
at org.testng.internal.TestMethodWorker.run(TestMethodWorker.java:128)
at java.base/java.util.ArrayList.forEach(ArrayList.java:1511)
at org.testng.TestRunner.privateRun(TestRunner.java:794)
at org.testng.TestRunner.run(TestRunner.java:596)
at org.testng.SuiteRunner.runTest(SuiteRunner.java:377)
at org.testng.SuiteRunner.runSequentially(SuiteRunner.java:371)
at org.testng.SuiteRunner.privateRun(SuiteRunner.java:332)
at org.testng.SuiteRunner.run(SuiteRunner.java:276)
at org.testng.SuiteRunnerWorker.runSuite(SuiteRunnerWorker.java:53)
at org.testng.SuiteRunnerWorker.run(SuiteRunnerWorker.java:96)
at org.testng.TestNG.runSuitesSequentially(TestNG.java:1212)
at org.testng.TestNG.runSuitesLocally(TestNG.java:1134)
at org.testng.TestNG.runSuites(TestNG.java:1063)
at org.testng.TestNG.run(TestNG.java:1031)
at org.testng.remote.AbstractRemoteTestNG.run(AbstractRemoteTestNG.java:115)
at org.testng.remote.RemoteTestNG.initAndRun(RemoteTestNG.java:293)
at org.testng.remote.RemoteTestNG.main(RemoteTestNG.java:91)
]]>
    </failure>
  </testcase> <!-- addproducttocart -->
  <system-out/>
</testsuite> <!-- amazon_TestFile.TestScenario9_AddProducttoCart -->
