<?xml version="1.0" encoding="UTF-8"?>
<!-- Generated by org.testng.reporters.JUnitXMLReporter -->
<testsuite ignored="0" hostname="Kirans-MacBook-Air.local" failures="3" tests="15" name="Testing firefox" time="468.029" errors="0" timestamp="2025-02-26T22:50:15 IST">
  <testcase classname="amazon_TestFile.TestScenario2_SuccessfulSignIn" name="successfulsignin" time="5.332"/>
  <testcase classname="amazon_TestFile.TestScenario3_SignInFailWrongCredentials" name="signinfail_wrongcredentials" time="7.615">
    <skipped/>
  </testcase> <!-- signinfail_wrongcredentials -->
  <testcase classname="amazon_TestFile.TestScenario3_SignInFailWrongCredentials" name="signinfail_wrongcredentials" time="20.345">
    <failure type="java.lang.NullPointerException" message="Cannot invoke &amp;quot;org.openqa.selenium.WebDriver.getClass()&amp;quot; because &amp;quot;exceptionDriver&amp;quot; is null">
      <![CDATA[java.lang.NullPointerException: Cannot invoke "org.openqa.selenium.WebDriver.getClass()" because "exceptionDriver" is null
at org.openqa.selenium.support.ui.WebDriverWait.timeoutException(WebDriverWait.java:85)
at org.openqa.selenium.support.ui.FluentWait.until(FluentWait.java:228)
at amazon_SourceFile.HomePage.accountandlists_signin(HomePage.java:98)
at amazon_TestFile.TestScenario3_SignInFailWrongCredentials.signinfail_wrongcredentials(TestScenario3_SignInFailWrongCredentials.java:24)
at java.base/java.util.ArrayList.forEach(ArrayList.java:1511)
at java.base/java.util.concurrent.FutureTask.run(FutureTask.java:264)
at java.base/java.util.concurrent.ThreadPoolExecutor.runWorker(ThreadPoolExecutor.java:1136)
at java.base/java.util.concurrent.ThreadPoolExecutor$Worker.run(ThreadPoolExecutor.java:635)
at java.base/java.lang.Thread.run(Thread.java:840)
... Removed 17 stack frames]]>
    </failure>
  </testcase> <!-- signinfail_wrongcredentials -->
  <testcase classname="amazon_TestFile.TestScenario4_SuccessfullyEditProfile" name="successfullyeditprofile" time="36.129">
    <skipped/>
  </testcase> <!-- successfullyeditprofile -->
  <testcase classname="amazon_TestFile.TestScenario4_SuccessfullyEditProfile" name="successfullyeditprofile" time="20.208">
    <failure type="java.lang.NullPointerException" message="Cannot invoke &amp;quot;org.openqa.selenium.WebDriver.getClass()&amp;quot; because &amp;quot;exceptionDriver&amp;quot; is null">
      <![CDATA[java.lang.NullPointerException: Cannot invoke "org.openqa.selenium.WebDriver.getClass()" because "exceptionDriver" is null
at org.openqa.selenium.support.ui.WebDriverWait.timeoutException(WebDriverWait.java:85)
at org.openqa.selenium.support.ui.FluentWait.until(FluentWait.java:228)
at amazon_SourceFile.HomePage.accountandlists_signin(HomePage.java:98)
at amazon_TestFile.TestScenario4_SuccessfullyEditProfile.successfullyeditprofile(TestScenario4_SuccessfullyEditProfile.java:24)
at java.base/java.util.ArrayList.forEach(ArrayList.java:1511)
at java.base/java.util.concurrent.FutureTask.run(FutureTask.java:264)
at java.base/java.util.concurrent.ThreadPoolExecutor.runWorker(ThreadPoolExecutor.java:1136)
at java.base/java.util.concurrent.ThreadPoolExecutor$Worker.run(ThreadPoolExecutor.java:635)
at java.base/java.lang.Thread.run(Thread.java:840)
... Removed 17 stack frames]]>
    </failure>
  </testcase> <!-- successfullyeditprofile -->
  <testcase classname="amazon_TestFile.TestScenario5_SearchProduct" name="searchproduct" time="13.038"/>
  <testcase classname="amazon_TestFile.TestScenario6_SearchProductWithFilters" name="searchproductwithfilters" time="23.121"/>
  <testcase classname="amazon_TestFile.TestScenario7_ProductDetail" name="productdetailpage" time="21.895">
    <skipped/>
  </testcase> <!-- productdetailpage -->
  <testcase classname="amazon_TestFile.TestScenario7_ProductDetail" name="productdetailpage" time="14.793"/>
  <testcase classname="amazon_TestFile.TestScenario8_SortedProduct" name="sortedproduct" time="17.386">
    <skipped/>
  </testcase> <!-- sortedproduct -->
  <testcase classname="amazon_TestFile.TestScenario8_SortedProduct" name="sortedproduct" time="14.832">
    <failure type="org.openqa.selenium.ElementClickInterceptedException" message="Element &amp;lt;select id=&amp;quot;s-result-sort-select&amp;quot; class=&amp;quot;a-native-dropdown a-declarative&amp;quot; name=&amp;quot;s&amp;quot;&amp;gt; is not clickable at point (1357,119) because another element &amp;lt;span class=&amp;quot;a-dropdown-prompt&amp;quot;&amp;gt; obscures it
Build info: version: &amp;apos;4.27.0&amp;apos;, revision: &amp;apos;d6e718d134&amp;apos;
System info: os.name: &amp;apos;Mac OS X&amp;apos;, os.arch: &amp;apos;aarch64&amp;apos;, os.version: &amp;apos;15.3.1&amp;apos;, java.version: &amp;apos;17.0.9&amp;apos;
Driver info: org.openqa.selenium.firefox.FirefoxDriver
Command: [00fa4480-b976-4bd8-9821-1b72cd11c2dd, clickElement {id=97dee0d9-931f-46cc-ae0c-83e67d85fea5}]
Capabilities {acceptInsecureCerts: true, browserName: firefox, browserVersion: 135.0, moz:accessibilityChecks: false, moz:buildID: 20250130195129, moz:debuggerAddress: 127.0.0.1:31714, moz:geckodriverVersion: 0.36.0, moz:headless: false, moz:platformVersion: 24.3.0, moz:processID: 42939, moz:profile: /var/folders/x4/pmwd15yj193..., moz:shutdownTimeout: 60000, moz:webdriverClick: true, moz:windowless: false, pageLoadStrategy: normal, platformName: mac, proxy: Proxy(), se:cdp: ws://127.0.0.1:31714/devtoo..., se:cdpVersion: 85.0, setWindowRect: true, strictFileInteractability: false, timeouts: {implicit: 0, pageLoad: 300000, script: 30000}, unhandledPromptBehavior: dismiss and notify, userAgent: Mozilla/5.0 (Macintosh; Int...}
Element: [[[[FirefoxDriver: firefox on mac (00fa4480-b976-4bd8-9821-1b72cd11c2dd)] -&amp;gt; xpath: //select[@class=&amp;apos;a-native-dropdown a-declarative&amp;apos;]]] -&amp;gt; tag name: option]
Session ID: 00fa4480-b976-4bd8-9821-1b72cd11c2dd">
      <![CDATA[org.openqa.selenium.ElementClickInterceptedException: Element <select id="s-result-sort-select" class="a-native-dropdown a-declarative" name="s"> is not clickable at point (1357,119) because another element <span class="a-dropdown-prompt"> obscures it
Build info: version: '4.27.0', revision: 'd6e718d134'
System info: os.name: 'Mac OS X', os.arch: 'aarch64', os.version: '15.3.1', java.version: '17.0.9'
Driver info: org.openqa.selenium.firefox.FirefoxDriver
Command: [00fa4480-b976-4bd8-9821-1b72cd11c2dd, clickElement {id=97dee0d9-931f-46cc-ae0c-83e67d85fea5}]
Capabilities {acceptInsecureCerts: true, browserName: firefox, browserVersion: 135.0, moz:accessibilityChecks: false, moz:buildID: 20250130195129, moz:debuggerAddress: 127.0.0.1:31714, moz:geckodriverVersion: 0.36.0, moz:headless: false, moz:platformVersion: 24.3.0, moz:processID: 42939, moz:profile: /var/folders/x4/pmwd15yj193..., moz:shutdownTimeout: 60000, moz:webdriverClick: true, moz:windowless: false, pageLoadStrategy: normal, platformName: mac, proxy: Proxy(), se:cdp: ws://127.0.0.1:31714/devtoo..., se:cdpVersion: 85.0, setWindowRect: true, strictFileInteractability: false, timeouts: {implicit: 0, pageLoad: 300000, script: 30000}, unhandledPromptBehavior: dismiss and notify, userAgent: Mozilla/5.0 (Macintosh; Int...}
Element: [[[[FirefoxDriver: firefox on mac (00fa4480-b976-4bd8-9821-1b72cd11c2dd)] -> xpath: //select[@class='a-native-dropdown a-declarative']]] -> tag name: option]
Session ID: 00fa4480-b976-4bd8-9821-1b72cd11c2dd
at org.openqa.selenium.remote.ErrorCodec.decode(ErrorCodec.java:167)
at org.openqa.selenium.remote.codec.w3c.W3CHttpResponseCodec.decode(W3CHttpResponseCodec.java:138)
at org.openqa.selenium.remote.codec.w3c.W3CHttpResponseCodec.decode(W3CHttpResponseCodec.java:50)
at org.openqa.selenium.remote.HttpCommandExecutor.execute(HttpCommandExecutor.java:190)
at org.openqa.selenium.remote.service.DriverCommandExecutor.invokeExecute(DriverCommandExecutor.java:216)
at org.openqa.selenium.remote.service.DriverCommandExecutor.execute(DriverCommandExecutor.java:174)
at org.openqa.selenium.remote.RemoteWebDriver.execute(RemoteWebDriver.java:545)
at org.openqa.selenium.remote.RemoteWebElement.execute(RemoteWebElement.java:223)
at org.openqa.selenium.remote.RemoteWebElement.click(RemoteWebElement.java:76)
at org.openqa.selenium.support.ui.Select.setSelected(Select.java:419)
at org.openqa.selenium.support.ui.Select.setSelectedByIndex(Select.java:403)
at org.openqa.selenium.support.ui.Select.selectByIndex(Select.java:262)
at amazon_SourceFile.HomePage.productsortby(HomePage.java:155)
at amazon_TestFile.TestScenario8_SortedProduct.sortedproduct(TestScenario8_SortedProduct.java:26)
at java.base/java.util.ArrayList.forEach(ArrayList.java:1511)
at java.base/java.util.concurrent.FutureTask.run(FutureTask.java:264)
at java.base/java.util.concurrent.ThreadPoolExecutor.runWorker(ThreadPoolExecutor.java:1136)
at java.base/java.util.concurrent.ThreadPoolExecutor$Worker.run(ThreadPoolExecutor.java:635)
at java.base/java.lang.Thread.run(Thread.java:840)
... Removed 22 stack frames]]>
    </failure>
  </testcase> <!-- sortedproduct -->
  <testcase classname="amazon_TestFile.TestScenario10_UpdatingItemsAndRemovingFromCart" name="updatingitemsandremovingfromcart" time="20.662">
    <skipped/>
  </testcase> <!-- updatingitemsandremovingfromcart -->
  <testcase classname="amazon_TestFile.TestScenario10_UpdatingItemsAndRemovingFromCart" name="updatingitemsandremovingfromcart" time="37.947"/>
  <testcase classname="amazon_TestFile.TestScenario13_IfApplicableApplyCouponCode" name="ifapplicableapplycouponcode" time="9.876"/>
  <testcase classname="amazon_TestFile.TestScenario15_SearchProductWithoutLogin" name="searchproductwithoutlogin" time="6.7"/>
</testsuite> <!-- Testing firefox -->
